# ../data/AA331_alat0.005_shift0.3_MM0.02_XX0.004_atom0.005/training_data: data_e pred_e
-3.414583423000000266e+02 -3.414453546463047360e+02
-3.364771008800000232e+02 -3.365580904670595146e+02
-3.424086133399999881e+02 -3.423844854106863522e+02
-3.382119933999999830e+02 -3.382530276202120945e+02
-3.427760298399999783e+02 -3.427506885567304948e+02
-3.408589180600000077e+02 -3.408635738322397515e+02
-3.409615917400000171e+02 -3.409702292746283092e+02
-3.388979056700000001e+02 -3.389465950329730504e+02
-3.371345837000000074e+02 -3.371731960535515782e+02
-3.424721014500000251e+02 -3.424903498092958216e+02
-3.410705743799999823e+02 -3.410809791217411089e+02
-3.408923946300000125e+02 -3.408535950180320242e+02
-3.392931323600000155e+02 -3.393442725390428905e+02
-3.381939001900000221e+02 -3.382568793679378132e+02
-3.423252804599999877e+02 -3.423073726241842678e+02
-3.416294570700000008e+02 -3.416277345228057243e+02
-3.417367259700000091e+02 -3.417055860744478650e+02
-3.424343036500000039e+02 -3.424319170727814026e+02
-3.420265147999999726e+02 -3.420366414659089287e+02
-3.407467417799999794e+02 -3.407687902620048135e+02
-3.414861233600000219e+02 -3.414825183939458384e+02
-3.414268005999999787e+02 -3.413761954066000044e+02
-3.412931526099999928e+02 -3.412848489865862120e+02
-3.425921341900000243e+02 -3.425758020500933299e+02
-3.422459459899999956e+02 -3.422433125302800363e+02
-3.395273354299999937e+02 -3.395753032722690250e+02
-3.424899942200000282e+02 -3.424790945450961317e+02
-3.417596696100000031e+02 -3.417374934114011467e+02
-3.385473940699999957e+02 -3.385695693019591772e+02
-3.429049141200000008e+02 -3.429041187703884361e+02
-3.412674084399999970e+02 -3.412961155311089669e+02
-3.427619657500000017e+02 -3.427373881794221688e+02
-3.397963375499999756e+02 -3.398498155237247147e+02
-3.378910450899999773e+02 -3.379423462800518791e+02
-3.426305122499999811e+02 -3.426395052048686694e+02
-3.410324328099999889e+02 -3.410488403532830262e+02
-3.418762808399999926e+02 -3.419323540959035768e+02
-3.402158256399999914e+02 -3.402536804474068504e+02
-3.426339287800000193e+02 -3.426155235657316780e+02
-3.347917940300000055e+02 -3.348617884362095083e+02
-3.426763988100000233e+02 -3.426617070348857510e+02
-3.421777126599999974e+02 -3.421917031807670355e+02
-3.432195497600000067e+02 -3.432040235262211354e+02
-3.409190077599999995e+02 -3.409802283305018591e+02
-3.419298160800000232e+02 -3.418726530919071820e+02
-3.415901347299999884e+02 -3.415603769741534279e+02
-3.429952851900000041e+02 -3.429821386144476492e+02
-3.424550359699999831e+02 -3.424165147396223006e+02
-3.360890432900000064e+02 -3.361566371150897794e+02
-3.417729353999999944e+02 -3.417735120725302522e+02
-3.427476950399999964e+02 -3.427220299493492917e+02
-3.422066951300000142e+02 -3.422020804047967886e+02
-3.426656977299999767e+02 -3.426439787600641012e+02
-3.422117350799999826e+02 -3.421755321031592985e+02
-3.417091092200000162e+02 -3.416823447347816227e+02
-3.407296698499999934e+02 -3.407234125081390061e+02
-3.402303923599999962e+02 -3.402554868923249956e+02
-3.419899587099999962e+02 -3.419424691151602929e+02
-3.405642450199999871e+02 -3.405984471474904467e+02
-3.426994141199999717e+02 -3.426889999343156887e+02
-3.362085701400000062e+02 -3.362553614336831060e+02
-3.425785837299999912e+02 -3.425783830039309805e+02
-3.423547178399999780e+02 -3.423468660246592208e+02
-3.387692607100000259e+02 -3.388140250304195433e+02
-3.422064758199999801e+02 -3.421531331885581722e+02
-3.423338454700000284e+02 -3.423510679140010211e+02
-3.433073520400000120e+02 -3.432846971297748269e+02
-3.413430652299999792e+02 -3.413950924479749460e+02
-3.410725237099999845e+02 -3.410703050192803971e+02
-3.419848569399999860e+02 -3.419661707674247282e+02
-3.419318784199999754e+02 -3.419169904310099355e+02
-3.419517169000000081e+02 -3.419681998942506880e+02
-3.414661644799999749e+02 -3.414683282919459089e+02
-3.409680778200000191e+02 -3.409887553215094727e+02
-3.421505839299999820e+02 -3.421184736870529832e+02
-3.411185610100000076e+02 -3.411701876671025957e+02
-3.417690684500000202e+02 -3.417511193068005468e+02
-3.415750331099999926e+02 -3.415418593099115014e+02
-3.346609989599999722e+02 -3.347558795833707563e+02
-3.419344308199999887e+02 -3.419219728147154456e+02
-3.428130391500000087e+02 -3.428016778988654778e+02
-3.415626930399999992e+02 -3.415174090706609036e+02
-3.411817759400000227e+02 -3.411667110613162777e+02
-3.425776058899999725e+02 -3.425631697723024445e+02
-3.430281536599999868e+02 -3.430136221015783917e+02
-3.378949937200000022e+02 -3.379286700804228758e+02
-3.380072315300000128e+02 -3.380464176157103111e+02
-3.410035303399999975e+02 -3.409936450595052975e+02
-3.421720080399999802e+02 -3.421966440108514007e+02
-3.415140617199999724e+02 -3.415568300102069088e+02
-3.421231633400000192e+02 -3.420754935238956023e+02
-3.422728946500000120e+02 -3.422585123593390790e+02
-3.368657199099999957e+02 -3.369182522746950781e+02
-3.390572790300000179e+02 -3.390853009332681154e+02
-3.426746506800000134e+02 -3.426599112996989334e+02
-3.366040891100000181e+02 -3.366664579701649700e+02
-3.383792847299999949e+02 -3.384119725717511074e+02
-3.416100059899999906e+02 -3.415877044453623625e+02
-3.427103432499999940e+02 -3.426899272125623952e+02
-3.427292191399999979e+02 -3.427321275758013144e+02
