# ../data/AA331_alat0.005_shift0.3_MM0.02_XX0.004_atom0.005/training_data: data_e pred_e
-6.323302635185185316e+00 -6.323062123079717267e+00
-6.231057423703703968e+00 -6.232557230871472065e+00
-6.340900247037036586e+00 -6.340453433531228811e+00
-6.263185062962962846e+00 -6.263944955929853897e+00
-6.347704256296295533e+00 -6.347234973272787073e+00
-6.312202186296296702e+00 -6.312288404300736566e+00
-6.314103550740741255e+00 -6.314263505085709660e+00
-6.275887142037037236e+00 -6.276788796906908274e+00
-6.243233031481481454e+00 -6.243948075065770098e+00
-6.342075952777777914e+00 -6.342413885357330194e+00
-6.316121747777777351e+00 -6.316314428180390905e+00
-6.312822122777777878e+00 -6.312103611445037288e+00
-6.283206154814815037e+00 -6.284153195167460737e+00
-6.262850003518519060e+00 -6.264016284591440886e+00
-6.339357045555555459e+00 -6.339025418966375724e+00
-6.326471427222222665e+00 -6.326439528200105578e+00
-6.328457888333333337e+00 -6.327881223600886784e+00
-6.341375993518518328e+00 -6.341331797644100376e+00
-6.333824348148147543e+00 -6.334011878998313527e+00
-6.310124847777777823e+00 -6.310533153000089435e+00
-6.323817099259259500e+00 -6.323750340628627065e+00
-6.322718529629629103e+00 -6.321781396418518995e+00
-6.320243566851851291e+00 -6.320089796047892783e+00
-6.344298781296296319e+00 -6.343996334260987524e+00
-6.337887888703703787e+00 -6.337839120931112014e+00
-6.287543248703703291e+00 -6.288431542079056413e+00
-6.342407300370370926e+00 -6.342205454538817122e+00
-6.328882770555555481e+00 -6.328472100211132378e+00
-6.269396186481481337e+00 -6.269806838925170211e+00
-6.350091002222222336e+00 -6.350076273525711912e+00
-6.319766822962963104e+00 -6.320298435761277034e+00
-6.347443810185184887e+00 -6.346988669989299225e+00
-6.292524769444444388e+00 -6.293515102291198815e+00
-6.257241575740740025e+00 -6.258191597778738569e+00
-6.345009486111110597e+00 -6.345176022312382536e+00
-6.315415422407407497e+00 -6.315719265801537752e+00
-6.331042237777777970e+00 -6.332080631405621496e+00
-6.300293067407407577e+00 -6.300994082359386184e+00
-6.345072755185185542e+00 -6.344731917883920325e+00
-6.199848037592592398e+00 -6.201144230300176474e+00
-6.345859237222222227e+00 -6.345587167312698895e+00
-6.336624308518518767e+00 -6.336883392236426715e+00
-6.355917588148148667e+00 -6.355630065300391429e+00
-6.313314958518518871e+00 -6.314448672787071892e+00
-6.332033631111111838e+00 -6.330975057257540506e+00
-6.325743235740740822e+00 -6.325192166188026377e+00
-6.351764540555556060e+00 -6.351521085452734638e+00
-6.341759925370370254e+00 -6.341046569252264398e+00
-6.223871172037036992e+00 -6.225122909538699290e+00
-6.329128433333333525e+00 -6.329139112454264193e+00
-6.347179537777777547e+00 -6.346704258321283376e+00
-6.337161020925925925e+00 -6.337075563051792315e+00
-6.345661069074073346e+00 -6.345258865927113412e+00
-6.337254353333332979e+00 -6.336583927836283436e+00
-6.327946467037037337e+00 -6.327450828421882001e+00
-6.309808700925925606e+00 -6.309692824224796048e+00
-6.300562821481481279e+00 -6.301027535043055572e+00
-6.333147383518518581e+00 -6.332267946577042395e+00
-6.306745278148148337e+00 -6.307378650879452486e+00
-6.346285446666666274e+00 -6.346092591376216063e+00
-6.226084632222222304e+00 -6.226951137660797997e+00
-6.344047846851851524e+00 -6.344044129702425927e+00
-6.339902182222221683e+00 -6.339756778234430179e+00
-6.273504827962963049e+00 -6.274333796859621337e+00
-6.337156959629629327e+00 -6.336169133121448027e+00
-6.339515656851852476e+00 -6.339834591000019337e+00
-6.357543556296296750e+00 -6.357124020921755658e+00
-6.321167874629629146e+00 -6.322131341629165568e+00
-6.316157846481480931e+00 -6.316116759616303256e+00
-6.333052906296296136e+00 -6.332706866063420925e+00
-6.332071822592592270e+00 -6.331796119092776287e+00
-6.332439201851851607e+00 -6.332744442486124115e+00
-6.323447490370369906e+00 -6.323487560961961407e+00
-6.314223663333333292e+00 -6.314606580027953164e+00
-6.336121924629629198e+00 -6.335527290500981401e+00
-6.317010389074074084e+00 -6.317966438279677632e+00
-6.329056823148148325e+00 -6.328724431607417600e+00
-6.325463576111110875e+00 -6.324849246479842257e+00
-6.197425906666666151e+00 -6.199182955247606763e+00
-6.332119089259259148e+00 -6.331888385457693502e+00
-6.348389613888889116e+00 -6.348179220349360996e+00
-6.325235056296296676e+00 -6.324396464271497820e+00
-6.318181035925926281e+00 -6.317902056691042212e+00
-6.344029738703703458e+00 -6.343762403190786436e+00
-6.352373215925926075e+00 -6.352104112992192242e+00
-6.257314698518518625e+00 -6.257938334822646276e+00
-6.259393176481482080e+00 -6.260118844735376165e+00
-6.314880191481481830e+00 -6.314697130731580010e+00
-6.336518667407407435e+00 -6.336974889089840524e+00
-6.324334476296296081e+00 -6.325126481670498180e+00
-6.335614135925926149e+00 -6.334731361553622264e+00
-6.338386937962963152e+00 -6.338120599247019982e+00
-6.238254072407407591e+00 -6.239226893975835075e+00
-6.278838500555555591e+00 -6.279357424690150680e+00
-6.345826864444444659e+00 -6.345553912957387688e+00
-6.233409057592592895e+00 -6.234564036484536054e+00
-6.266283050555555789e+00 -6.266888380958353544e+00
-6.326111222037036796e+00 -6.325698230469673611e+00
-6.346487837962962786e+00 -6.346109763195600273e+00
-6.346837391481481738e+00 -6.346891251403728340e+00
